2017-02-19T22:20:53.535-0700 I CONTROL  [main] 
2017-02-19T22:20:53.535-0700 I CONTROL  [main] ** WARNING: Access control is not enabled for the database.
2017-02-19T22:20:53.535-0700 I CONTROL  [main] **          Read and write access to data and configuration is unrestricted.
2017-02-19T22:20:53.535-0700 I CONTROL  [main] 
2017-02-19T22:20:53.535-0700 I SHARDING [mongosMain] mongos version v3.4.1
2017-02-19T22:20:53.535-0700 I CONTROL  [mongosMain] git version: 5e103c4f5583e2566a45d740225dc250baacfbd7
2017-02-19T22:20:53.535-0700 I CONTROL  [mongosMain] OpenSSL version: OpenSSL 1.0.2k  26 Jan 2017
2017-02-19T22:20:53.535-0700 I CONTROL  [mongosMain] allocator: system
2017-02-19T22:20:53.535-0700 I CONTROL  [mongosMain] modules: none
2017-02-19T22:20:53.535-0700 I CONTROL  [mongosMain] build environment:
2017-02-19T22:20:53.535-0700 I CONTROL  [mongosMain]     distarch: x86_64
2017-02-19T22:20:53.535-0700 I CONTROL  [mongosMain]     target_arch: x86_64
2017-02-19T22:20:53.535-0700 I CONTROL  [mongosMain] db version v3.4.1
2017-02-19T22:20:53.535-0700 I CONTROL  [mongosMain] git version: 5e103c4f5583e2566a45d740225dc250baacfbd7
2017-02-19T22:20:53.535-0700 I CONTROL  [mongosMain] OpenSSL version: OpenSSL 1.0.2k  26 Jan 2017
2017-02-19T22:20:53.535-0700 I CONTROL  [mongosMain] allocator: system
2017-02-19T22:20:53.535-0700 I CONTROL  [mongosMain] modules: none
2017-02-19T22:20:53.535-0700 I CONTROL  [mongosMain] build environment:
2017-02-19T22:20:53.535-0700 I CONTROL  [mongosMain]     distarch: x86_64
2017-02-19T22:20:53.535-0700 I CONTROL  [mongosMain]     target_arch: x86_64
2017-02-19T22:20:53.536-0700 I CONTROL  [mongosMain] options: { net: { port: 27001 }, processManagement: { pidFilePath: "001/pid" }, sharding: { configDB: "configrs/localhost:27010,localhost:27020,localhost:27030" }, systemLog: { destination: "file", logAppend: true, path: "001/app.log" } }
2017-02-19T22:20:53.549-0700 I NETWORK  [mongosMain] Starting new replica set monitor for configrs/localhost:27010,localhost:27020,localhost:27030
2017-02-19T22:20:53.551-0700 I SHARDING [thread1] creating distributed lock ping thread for process s:27001:1487568053:1695252039444234383 (sleeping for 30000ms)
2017-02-19T22:20:53.554-0700 I ASIO     [NetworkInterfaceASIO-ShardRegistry-0] Connecting to localhost:27010
2017-02-19T22:20:53.554-0700 I ASIO     [NetworkInterfaceASIO-ShardRegistry-0] Connecting to localhost:27010
2017-02-19T22:20:53.554-0700 I ASIO     [NetworkInterfaceASIO-ShardRegistry-0] Connecting to localhost:27020
2017-02-19T22:20:53.557-0700 I ASIO     [NetworkInterfaceASIO-ShardRegistry-0] Successfully connected to localhost:27010
2017-02-19T22:20:53.557-0700 I ASIO     [NetworkInterfaceASIO-ShardRegistry-0] Successfully connected to localhost:27020
2017-02-19T22:20:53.557-0700 I ASIO     [NetworkInterfaceASIO-ShardRegistry-0] Successfully connected to localhost:27010
2017-02-19T22:20:53.563-0700 I ASIO     [NetworkInterfaceASIO-ShardRegistry-0] Connecting to localhost:27030
2017-02-19T22:20:53.565-0700 I ASIO     [NetworkInterfaceASIO-ShardRegistry-0] Successfully connected to localhost:27030
2017-02-19T22:20:53.567-0700 I NETWORK  [thread2] waiting for connections on port 27001
2017-02-19T22:20:53.580-0700 W SHARDING [replSetDistLockPinger] pinging failed for distributed lock pinger :: caused by :: LockStateChangeFailed: findAndModify query predicate didn't match any lock document
2017-02-19T22:21:05.413-0700 I NETWORK  [thread2] connection accepted from 127.0.0.1:60150 #1 (1 connection now open)
2017-02-19T22:21:05.414-0700 I NETWORK  [conn1] received client metadata from 127.0.0.1:60150 conn1: { application: { name: "MongoDB Shell" }, driver: { name: "MongoDB Internal Client", version: "3.4.1" }, os: { type: "Darwin", name: "Mac OS X", architecture: "x86_64", version: "16.4.0" } }
2017-02-19T22:21:16.638-0700 I -        [conn1] end connection 127.0.0.1:60150 (1 connection now open)
2017-02-19T22:21:52.925-0700 I NETWORK  [thread2] connection accepted from 127.0.0.1:60165 #2 (1 connection now open)
2017-02-19T22:21:52.925-0700 I NETWORK  [conn2] received client metadata from 127.0.0.1:60165 conn2: { application: { name: "MongoDB Shell" }, driver: { name: "MongoDB Internal Client", version: "3.4.1" }, os: { type: "Darwin", name: "Mac OS X", architecture: "x86_64", version: "16.4.0" } }
2017-02-19T22:23:57.016-0700 I -        [conn2] end connection 127.0.0.1:60165 (1 connection now open)
2017-02-19T22:24:31.777-0700 I NETWORK  [thread2] connection accepted from 127.0.0.1:60219 #3 (1 connection now open)
2017-02-19T22:24:31.777-0700 I NETWORK  [conn3] received client metadata from 127.0.0.1:60219 conn3: { application: { name: "MongoDB Shell" }, driver: { name: "MongoDB Internal Client", version: "3.4.1" }, os: { type: "Darwin", name: "Mac OS X", architecture: "x86_64", version: "16.4.0" } }
2017-02-19T22:24:44.366-0700 I ASIO     [NetworkInterfaceASIO-ShardRegistry-0] Connecting to localhost:27010
2017-02-19T22:24:44.368-0700 I ASIO     [NetworkInterfaceASIO-ShardRegistry-0] Successfully connected to localhost:27010
2017-02-19T22:26:30.979-0700 I ASIO     [NetworkInterfaceASIO-ShardRegistry-0] Connecting to localhost:27101
2017-02-19T22:26:30.982-0700 I ASIO     [NetworkInterfaceASIO-ShardRegistry-0] Successfully connected to localhost:27101
2017-02-19T22:27:04.694-0700 I ASIO     [NetworkInterfaceASIO-TaskExecutorPool-1-0] Connecting to localhost:27101
2017-02-19T22:27:04.696-0700 I ASIO     [NetworkInterfaceASIO-TaskExecutorPool-1-0] Successfully connected to localhost:27101
2017-02-19T22:32:04.836-0700 I SHARDING [conn3] distributed lock 'week6' acquired for 'enableSharding', ts : 58aa7f5448e20a4890c86560
2017-02-19T22:32:04.840-0700 I SHARDING [conn3] Enabling sharding for database [week6] in config db
2017-02-19T22:32:04.909-0700 I SHARDING [conn3] distributed lock with ts: 58aa7f5448e20a4890c86560' unlocked.
2017-02-19T22:34:42.650-0700 I COMMAND  [conn3] CMD: shardcollection: { shardCollection: "week6.trades", key: { ticker: 1.0, time: 1.0 } }
2017-02-19T22:34:42.674-0700 I SHARDING [conn3] distributed lock 'week6.trades' acquired for 'shardCollection', ts : 58aa7ff248e20a4890c86566
2017-02-19T22:34:42.679-0700 I SHARDING [conn3] about to log metadata event into changelog: { _id: "s-2017-02-19T22:34:42.679-0700-58aa7ff248e20a4890c86567", server: "s", clientAddr: "127.0.0.1:60219", time: new Date(1487568882679), what: "shardCollection.start", ns: "week6.trades", details: { shardKey: { ticker: 1.0, time: 1.0 }, collection: "week6.trades", primary: "shard0000:localhost:27101", initShards: [], numChunks: 1 } }
2017-02-19T22:34:42.703-0700 I ASIO     [NetworkInterfaceASIO-ShardRegistry-0] Connecting to localhost:27101
2017-02-19T22:34:42.705-0700 I ASIO     [NetworkInterfaceASIO-ShardRegistry-0] Successfully connected to localhost:27101
2017-02-19T22:34:43.256-0700 I SHARDING [conn3] going to create 8 chunk(s) for: week6.trades using new epoch 58aa7ff348e20a4890c86568
2017-02-19T22:34:43.494-0700 I SHARDING [conn3] ChunkManager loading chunks for week6.trades sequenceNumber: 2 based on: (empty)
2017-02-19T22:34:43.498-0700 I SHARDING [conn3] ChunkManager load took 4 ms and found version 1|7||58aa7ff348e20a4890c86568
2017-02-19T22:34:43.681-0700 I SHARDING [conn3] about to log metadata event into changelog: { _id: "s-2017-02-19T22:34:43.681-0700-58aa7ff348e20a4890c86569", server: "s", clientAddr: "127.0.0.1:60219", time: new Date(1487568883681), what: "shardCollection.end", ns: "week6.trades", details: { version: "1|7||58aa7ff348e20a4890c86568" } }
2017-02-19T22:34:43.725-0700 I SHARDING [conn3] distributed lock with ts: 58aa7ff248e20a4890c86566' unlocked.
2017-02-19T22:34:43.728-0700 I SHARDING [conn3] ChunkManager loading chunks for week6.trades sequenceNumber: 3 based on: (empty)
2017-02-19T22:34:43.736-0700 I SHARDING [conn3] ChunkManager load took 7 ms and found version 1|7||58aa7ff348e20a4890c86568
2017-02-19T22:36:25.938-0700 I ASIO     [NetworkInterfaceASIO-TaskExecutorPool-4-0] Connecting to localhost:27010
2017-02-19T22:36:25.940-0700 I ASIO     [NetworkInterfaceASIO-TaskExecutorPool-4-0] Successfully connected to localhost:27010
2017-02-19T22:37:06.228-0700 I QUERY    [ClusterCursorCleanupJob] Marking cursor id 4868036486500654474 for deletion, idle since 2017-02-19T22:27:04.696-0700
2017-02-19T22:37:06.230-0700 I ASIO     [NetworkInterfaceASIO-TaskExecutorPool-1-0] Connecting to localhost:27101
2017-02-19T22:37:06.233-0700 I ASIO     [NetworkInterfaceASIO-TaskExecutorPool-1-0] Successfully connected to localhost:27101
2017-02-19T22:37:47.423-0700 I ASIO     [NetworkInterfaceASIO-TaskExecutorPool-5-0] Connecting to localhost:27010
2017-02-19T22:37:47.425-0700 I ASIO     [NetworkInterfaceASIO-TaskExecutorPool-5-0] Successfully connected to localhost:27010
2017-02-19T22:40:01.070-0700 I -        [conn3] end connection 127.0.0.1:60219 (1 connection now open)
2017-02-19T22:43:07.307-0700 I NETWORK  [thread2] connection accepted from 127.0.0.1:60610 #4 (1 connection now open)
2017-02-19T22:43:07.307-0700 I NETWORK  [conn4] received client metadata from 127.0.0.1:60610 conn4: { application: { name: "MongoDB Shell" }, driver: { name: "MongoDB Internal Client", version: "3.4.1" }, os: { type: "Darwin", name: "Mac OS X", architecture: "x86_64", version: "16.4.0" } }
2017-02-19T22:44:19.311-0700 I ASIO     [NetworkInterfaceASIO-ShardRegistry-0] Connecting to localhost:27101
2017-02-19T22:44:19.313-0700 I ASIO     [NetworkInterfaceASIO-ShardRegistry-0] Successfully connected to localhost:27101
2017-02-19T22:44:19.314-0700 I ASIO     [NetworkInterfaceASIO-ShardRegistry-0] Connecting to localhost:27201
2017-02-19T22:44:19.315-0700 I ASIO     [NetworkInterfaceASIO-ShardRegistry-0] Successfully connected to localhost:27201
2017-02-19T22:46:40.300-0700 I ASIO     [NetworkInterfaceASIO-TaskExecutorPool-6-0] Connecting to localhost:27010
2017-02-19T22:46:40.302-0700 I ASIO     [NetworkInterfaceASIO-TaskExecutorPool-6-0] Successfully connected to localhost:27010
2017-02-19T22:46:59.044-0700 I ASIO     [NetworkInterfaceASIO-TaskExecutorPool-7-0] Connecting to localhost:27010
2017-02-19T22:46:59.046-0700 I ASIO     [NetworkInterfaceASIO-TaskExecutorPool-7-0] Successfully connected to localhost:27010
2017-02-19T22:49:58.800-0700 I -        [conn4] end connection 127.0.0.1:60610 (1 connection now open)
2017-02-19T22:51:27.926-0700 I NETWORK  [thread2] connection accepted from 127.0.0.1:60781 #5 (1 connection now open)
2017-02-19T22:51:27.926-0700 I NETWORK  [conn5] received client metadata from 127.0.0.1:60781 conn5: { application: { name: "MongoDB Shell" }, driver: { name: "MongoDB Internal Client", version: "3.4.1" }, os: { type: "Darwin", name: "Mac OS X", architecture: "x86_64", version: "16.4.0" } }
2017-02-19T23:41:57.924-0700 I ASIO     [NetworkInterfaceASIO-ShardRegistry-0] Connecting to localhost:27010
2017-02-19T23:41:57.926-0700 I ASIO     [NetworkInterfaceASIO-ShardRegistry-0] Successfully connected to localhost:27010
2017-02-20T02:15:06.530-0700 I ASIO     [NetworkInterfaceASIO-ShardRegistry-0] Connecting to localhost:27010
2017-02-20T02:15:06.532-0700 I ASIO     [NetworkInterfaceASIO-ShardRegistry-0] Successfully connected to localhost:27010
2017-02-20T03:33:40.860-0700 I ASIO     [NetworkInterfaceASIO-ShardRegistry-0] Connecting to localhost:27010
2017-02-20T03:33:40.865-0700 I ASIO     [NetworkInterfaceASIO-ShardRegistry-0] Successfully connected to localhost:27010
2017-02-20T04:51:15.099-0700 I ASIO     [NetworkInterfaceASIO-ShardRegistry-0] Connecting to localhost:27010
2017-02-20T04:51:15.100-0700 I ASIO     [NetworkInterfaceASIO-ShardRegistry-0] Successfully connected to localhost:27010
2017-02-20T07:28:23.890-0700 I ASIO     [NetworkInterfaceASIO-ShardRegistry-0] Connecting to localhost:27010
2017-02-20T07:28:23.893-0700 I ASIO     [NetworkInterfaceASIO-ShardRegistry-0] Successfully connected to localhost:27010
2017-02-20T08:53:03.529-0700 I NETWORK  [Uptime reporter] Marking host localhost:27010 as failed :: caused by :: NotMaster: not master
2017-02-20T08:53:03.529-0700 I NETWORK  [Uptime reporter] Socket closed remotely, no longer connected (idle 1113 secs, remote host 127.0.0.1:27010)
2017-02-20T08:53:03.530-0700 I ASIO     [NetworkInterfaceASIO-ShardRegistry-0] Connecting to localhost:27020
2017-02-20T08:53:03.531-0700 I ASIO     [NetworkInterfaceASIO-ShardRegistry-0] Successfully connected to localhost:27020
2017-02-20T08:53:05.380-0700 I ASIO     [NetworkInterfaceASIO-ShardRegistry-0] Connecting to localhost:27030
2017-02-20T08:53:05.381-0700 I ASIO     [NetworkInterfaceASIO-ShardRegistry-0] Successfully connected to localhost:27030
2017-02-20T08:53:23.589-0700 I NETWORK  [PeriodicTaskRunner] Socket closed remotely, no longer connected (idle 1168 secs, remote host 127.0.0.1:27010)
2017-02-20T08:53:23.589-0700 I NETWORK  [PeriodicTaskRunner] Socket closed remotely, no longer connected (idle 1168 secs, remote host 127.0.0.1:27010)
2017-02-20T08:53:25.371-0700 W SHARDING [replSetDistLockPinger] Lock pinger for proc: s:27001:1487568053:1695252039444234383 was inactive for 1137890ms ms
2017-02-20T08:53:26.414-0700 I ACCESS   [UserCacheInvalidator] User cache generation changed from 58aa7c1c54d286ba66bd8b82 to 58aa7c3eda28b98dd0f987d4; invalidating user cache
2017-02-20T09:00:28.005-0700 I ASIO     [NetworkInterfaceASIO-ShardRegistry-0] Connecting to localhost:27010
2017-02-20T09:00:28.007-0700 I ASIO     [NetworkInterfaceASIO-ShardRegistry-0] Successfully connected to localhost:27010
2017-02-20T09:02:28.784-0700 I ASIO     [NetworkInterfaceASIO-ShardRegistry-0] Connecting to localhost:27010
2017-02-20T09:02:28.787-0700 I ASIO     [NetworkInterfaceASIO-ShardRegistry-0] Successfully connected to localhost:27010
2017-02-20T09:13:59.886-0700 I ASIO     [NetworkInterfaceASIO-ShardRegistry-0] Connecting to localhost:27010
2017-02-20T09:13:59.889-0700 I ASIO     [NetworkInterfaceASIO-ShardRegistry-0] Successfully connected to localhost:27010
2017-02-20T09:19:00.912-0700 I ASIO     [NetworkInterfaceASIO-ShardRegistry-0] Connecting to localhost:27010
2017-02-20T09:19:00.915-0700 I ASIO     [NetworkInterfaceASIO-ShardRegistry-0] Successfully connected to localhost:27010
2017-02-20T09:28:53.144-0700 I ASIO     [NetworkInterfaceASIO-ShardRegistry-0] Connecting to localhost:27020
2017-02-20T09:28:53.153-0700 I ASIO     [NetworkInterfaceASIO-ShardRegistry-0] Successfully connected to localhost:27020
2017-02-20T09:41:53.822-0700 I ASIO     [NetworkInterfaceASIO-ShardRegistry-0] Connecting to localhost:27020
2017-02-20T09:41:53.836-0700 I ASIO     [NetworkInterfaceASIO-ShardRegistry-0] Successfully connected to localhost:27020
2017-02-20T09:43:32.198-0700 I ASIO     [NetworkInterfaceASIO-ShardRegistry-0] Connecting to localhost:27010
2017-02-20T09:43:32.200-0700 I ASIO     [NetworkInterfaceASIO-ShardRegistry-0] Successfully connected to localhost:27010
2017-02-20T09:52:24.339-0700 I ASIO     [NetworkInterfaceASIO-ShardRegistry-0] Connecting to localhost:27020
2017-02-20T09:52:24.347-0700 I ASIO     [NetworkInterfaceASIO-ShardRegistry-0] Successfully connected to localhost:27020
2017-02-20T09:55:33.500-0700 I ASIO     [NetworkInterfaceASIO-ShardRegistry-0] Connecting to localhost:27010
2017-02-20T09:55:33.504-0700 I ASIO     [NetworkInterfaceASIO-ShardRegistry-0] Successfully connected to localhost:27010
2017-02-20T09:58:04.281-0700 I ASIO     [NetworkInterfaceASIO-ShardRegistry-0] Connecting to localhost:27010
2017-02-20T09:58:04.284-0700 I ASIO     [NetworkInterfaceASIO-ShardRegistry-0] Successfully connected to localhost:27010
2017-02-20T09:59:34.489-0700 I ASIO     [NetworkInterfaceASIO-ShardRegistry-0] Connecting to localhost:27010
2017-02-20T09:59:34.491-0700 I ASIO     [NetworkInterfaceASIO-ShardRegistry-0] Successfully connected to localhost:27010
2017-02-20T10:02:34.609-0700 I ASIO     [NetworkInterfaceASIO-ShardRegistry-0] Connecting to localhost:27010
2017-02-20T10:02:34.611-0700 I ASIO     [NetworkInterfaceASIO-ShardRegistry-0] Successfully connected to localhost:27010
2017-02-20T10:03:54.916-0700 I ASIO     [NetworkInterfaceASIO-ShardRegistry-0] Connecting to localhost:27020
2017-02-20T10:03:54.920-0700 I ASIO     [NetworkInterfaceASIO-ShardRegistry-0] Successfully connected to localhost:27020
2017-02-20T10:14:04.859-0700 I ASIO     [NetworkInterfaceASIO-ShardRegistry-0] Connecting to localhost:27010
2017-02-20T10:14:04.861-0700 I ASIO     [NetworkInterfaceASIO-ShardRegistry-0] Successfully connected to localhost:27010
2017-02-20T10:23:56.593-0700 I ASIO     [NetworkInterfaceASIO-ShardRegistry-0] Connecting to localhost:27020
2017-02-20T10:23:56.602-0700 I ASIO     [NetworkInterfaceASIO-ShardRegistry-0] Successfully connected to localhost:27020
2017-02-20T10:37:46.704-0700 I NETWORK  [Uptime reporter] Marking host localhost:27020 as failed :: caused by :: NotMaster: not master
2017-02-20T10:37:46.704-0700 I NETWORK  [Uptime reporter] Socket closed remotely, no longer connected (idle 5 secs, remote host 127.0.0.1:27020)
2017-02-20T10:37:46.705-0700 I ASIO     [NetworkInterfaceASIO-ShardRegistry-0] Connecting to localhost:27010
2017-02-20T10:37:46.706-0700 I ASIO     [NetworkInterfaceASIO-ShardRegistry-0] Successfully connected to localhost:27010
2017-02-20T10:37:46.733-0700 I ASIO     [NetworkInterfaceASIO-ShardRegistry-0] Connecting to localhost:27030
2017-02-20T10:37:46.735-0700 I ASIO     [NetworkInterfaceASIO-ShardRegistry-0] Successfully connected to localhost:27030
2017-02-20T10:38:08.695-0700 W SHARDING [replSetDistLockPinger] Lock pinger for proc: s:27001:1487568053:1695252039444234383 was inactive for 492536ms ms
2017-02-20T10:38:09.118-0700 I ACCESS   [UserCacheInvalidator] User cache generation changed from 58aa7c3eda28b98dd0f987d4 to 58aa7c1c54d286ba66bd8b82; invalidating user cache
2017-02-20T10:42:47.584-0700 I ASIO     [NetworkInterfaceASIO-ShardRegistry-0] Connecting to localhost:27020
2017-02-20T10:42:47.589-0700 I ASIO     [NetworkInterfaceASIO-ShardRegistry-0] Successfully connected to localhost:27020
2017-02-20T10:47:39.137-0700 I ASIO     [NetworkInterfaceASIO-ShardRegistry-0] Connecting to localhost:27010
2017-02-20T10:47:39.141-0700 I ASIO     [NetworkInterfaceASIO-ShardRegistry-0] Successfully connected to localhost:27010
2017-02-20T10:49:39.222-0700 I ASIO     [NetworkInterfaceASIO-ShardRegistry-0] Connecting to localhost:27010
2017-02-20T10:49:39.224-0700 I ASIO     [NetworkInterfaceASIO-ShardRegistry-0] Successfully connected to localhost:27010
2017-02-20T10:51:39.319-0700 I ASIO     [NetworkInterfaceASIO-ShardRegistry-0] Connecting to localhost:27010
2017-02-20T10:51:39.321-0700 I ASIO     [NetworkInterfaceASIO-ShardRegistry-0] Successfully connected to localhost:27010
2017-02-20T10:55:48.414-0700 I ASIO     [NetworkInterfaceASIO-ShardRegistry-0] Connecting to localhost:27020
2017-02-20T10:55:48.417-0700 I ASIO     [NetworkInterfaceASIO-ShardRegistry-0] Successfully connected to localhost:27020
2017-02-20T11:01:18.937-0700 I ASIO     [NetworkInterfaceASIO-ShardRegistry-0] Connecting to localhost:27020
2017-02-20T11:01:18.940-0700 I ASIO     [NetworkInterfaceASIO-ShardRegistry-0] Successfully connected to localhost:27020
2017-02-20T11:06:40.031-0700 I ASIO     [NetworkInterfaceASIO-ShardRegistry-0] Connecting to localhost:27010
2017-02-20T11:06:40.040-0700 I ASIO     [NetworkInterfaceASIO-ShardRegistry-0] Successfully connected to localhost:27010
2017-02-20T11:09:19.946-0700 I ASIO     [NetworkInterfaceASIO-ShardRegistry-0] Connecting to localhost:27020
2017-02-20T11:09:19.949-0700 I ASIO     [NetworkInterfaceASIO-ShardRegistry-0] Successfully connected to localhost:27020
2017-02-20T11:12:20.110-0700 I ASIO     [NetworkInterfaceASIO-ShardRegistry-0] Connecting to localhost:27020
2017-02-20T11:12:20.112-0700 I ASIO     [NetworkInterfaceASIO-ShardRegistry-0] Successfully connected to localhost:27020
2017-02-20T11:17:50.736-0700 I ASIO     [NetworkInterfaceASIO-ShardRegistry-0] Connecting to localhost:27020
2017-02-20T11:17:50.739-0700 I ASIO     [NetworkInterfaceASIO-ShardRegistry-0] Successfully connected to localhost:27020
2017-02-20T11:22:50.907-0700 I ASIO     [NetworkInterfaceASIO-ShardRegistry-0] Connecting to localhost:27020
2017-02-20T11:22:50.910-0700 I ASIO     [NetworkInterfaceASIO-ShardRegistry-0] Successfully connected to localhost:27020
2017-02-20T11:45:51.556-0700 I ASIO     [NetworkInterfaceASIO-ShardRegistry-0] Connecting to localhost:27020
2017-02-20T11:45:51.559-0700 I ASIO     [NetworkInterfaceASIO-ShardRegistry-0] Successfully connected to localhost:27020
2017-02-20T11:58:13.121-0700 I ASIO     [NetworkInterfaceASIO-ShardRegistry-0] Connecting to localhost:27010
2017-02-20T11:58:13.130-0700 I ASIO     [NetworkInterfaceASIO-ShardRegistry-0] Successfully connected to localhost:27010
2017-02-20T11:58:23.324-0700 I ASIO     [NetworkInterfaceASIO-ShardRegistry-0] Connecting to localhost:27020
2017-02-20T11:58:23.326-0700 I ASIO     [NetworkInterfaceASIO-ShardRegistry-0] Successfully connected to localhost:27020
2017-02-20T12:08:24.324-0700 I ASIO     [NetworkInterfaceASIO-ShardRegistry-0] Connecting to localhost:27020
2017-02-20T12:08:24.327-0700 I ASIO     [NetworkInterfaceASIO-ShardRegistry-0] Successfully connected to localhost:27020
2017-02-20T12:13:43.920-0700 I ASIO     [NetworkInterfaceASIO-ShardRegistry-0] Connecting to localhost:27010
2017-02-20T12:13:43.928-0700 I ASIO     [NetworkInterfaceASIO-ShardRegistry-0] Successfully connected to localhost:27010
2017-02-20T12:17:44.134-0700 I ASIO     [NetworkInterfaceASIO-ShardRegistry-0] Connecting to localhost:27010
2017-02-20T12:17:44.136-0700 I ASIO     [NetworkInterfaceASIO-ShardRegistry-0] Successfully connected to localhost:27010
2017-02-20T12:44:56.085-0700 I ASIO     [NetworkInterfaceASIO-ShardRegistry-0] Connecting to localhost:27020
2017-02-20T12:44:56.088-0700 I ASIO     [NetworkInterfaceASIO-ShardRegistry-0] Successfully connected to localhost:27020
2017-02-20T12:47:26.205-0700 I ASIO     [NetworkInterfaceASIO-ShardRegistry-0] Connecting to localhost:27020
2017-02-20T12:47:26.208-0700 I ASIO     [NetworkInterfaceASIO-ShardRegistry-0] Successfully connected to localhost:27020
2017-02-20T13:00:16.271-0700 I ASIO     [NetworkInterfaceASIO-ShardRegistry-0] Connecting to localhost:27010
2017-02-20T13:00:16.280-0700 I ASIO     [NetworkInterfaceASIO-ShardRegistry-0] Successfully connected to localhost:27010
2017-02-20T13:02:57.481-0700 I ASIO     [NetworkInterfaceASIO-ShardRegistry-0] Connecting to localhost:27020
2017-02-20T13:02:57.483-0700 I ASIO     [NetworkInterfaceASIO-ShardRegistry-0] Successfully connected to localhost:27020
2017-02-20T13:07:00.026-0700 I ASIO     [NetworkInterfaceASIO-ShardRegistry-0] Connecting to localhost:27030
2017-02-20T13:07:00.029-0700 I ASIO     [NetworkInterfaceASIO-ShardRegistry-0] Successfully connected to localhost:27030
2017-02-20T13:08:16.641-0700 I ASIO     [NetworkInterfaceASIO-ShardRegistry-0] Connecting to localhost:27010
2017-02-20T13:08:16.643-0700 I ASIO     [NetworkInterfaceASIO-ShardRegistry-0] Successfully connected to localhost:27010
2017-02-20T13:31:17.808-0700 I ASIO     [NetworkInterfaceASIO-ShardRegistry-0] Connecting to localhost:27010
2017-02-20T13:31:17.810-0700 I ASIO     [NetworkInterfaceASIO-ShardRegistry-0] Successfully connected to localhost:27010
2017-02-20T13:43:28.436-0700 I ASIO     [NetworkInterfaceASIO-ShardRegistry-0] Connecting to localhost:27020
2017-02-20T13:43:28.438-0700 I ASIO     [NetworkInterfaceASIO-ShardRegistry-0] Successfully connected to localhost:27020
2017-02-20T13:58:29.498-0700 I ASIO     [NetworkInterfaceASIO-ShardRegistry-0] Connecting to localhost:27020
2017-02-20T13:58:29.500-0700 I ASIO     [NetworkInterfaceASIO-ShardRegistry-0] Successfully connected to localhost:27020
2017-02-20T14:00:19.225-0700 I ASIO     [NetworkInterfaceASIO-ShardRegistry-0] Connecting to localhost:27010
2017-02-20T14:00:19.228-0700 I ASIO     [NetworkInterfaceASIO-ShardRegistry-0] Successfully connected to localhost:27010
2017-02-20T14:09:31.084-0700 I ASIO     [NetworkInterfaceASIO-ShardRegistry-0] Connecting to localhost:27020
2017-02-20T14:09:31.086-0700 I ASIO     [NetworkInterfaceASIO-ShardRegistry-0] Successfully connected to localhost:27020
2017-02-20T14:18:02.224-0700 I ASIO     [NetworkInterfaceASIO-ShardRegistry-0] Connecting to localhost:27020
2017-02-20T14:18:02.226-0700 I ASIO     [NetworkInterfaceASIO-ShardRegistry-0] Successfully connected to localhost:27020
2017-02-20T14:31:20.863-0700 I ASIO     [NetworkInterfaceASIO-ShardRegistry-0] Connecting to localhost:27010
2017-02-20T14:31:20.889-0700 I ASIO     [NetworkInterfaceASIO-ShardRegistry-0] Successfully connected to localhost:27010
2017-02-20T14:52:43.641-0700 I -        [conn5] end connection 127.0.0.1:60781 (1 connection now open)
