2017-02-19T22:41:20.827-0700 I CONTROL  [initandlisten] MongoDB starting : pid=52263 port=27201 dbpath=201 64-bit host=s
2017-02-19T22:41:20.828-0700 I CONTROL  [initandlisten] db version v3.4.1
2017-02-19T22:41:20.828-0700 I CONTROL  [initandlisten] git version: 5e103c4f5583e2566a45d740225dc250baacfbd7
2017-02-19T22:41:20.828-0700 I CONTROL  [initandlisten] OpenSSL version: OpenSSL 1.0.2k  26 Jan 2017
2017-02-19T22:41:20.828-0700 I CONTROL  [initandlisten] allocator: system
2017-02-19T22:41:20.828-0700 I CONTROL  [initandlisten] modules: none
2017-02-19T22:41:20.828-0700 I CONTROL  [initandlisten] build environment:
2017-02-19T22:41:20.828-0700 I CONTROL  [initandlisten]     distarch: x86_64
2017-02-19T22:41:20.828-0700 I CONTROL  [initandlisten]     target_arch: x86_64
2017-02-19T22:41:20.828-0700 I CONTROL  [initandlisten] options: { net: { port: 27201 }, processManagement: { pidFilePath: "201/pid" }, replication: { oplogSizeMB: 50 }, sharding: { clusterRole: "shardsvr" }, storage: { dbPath: "201", mmapv1: { smallFiles: true } }, systemLog: { destination: "file", logAppend: true, path: "201/app.log" } }
2017-02-19T22:41:20.830-0700 I STORAGE  [initandlisten] wiredtiger_open config: create,cache_size=7680M,session_max=20000,eviction=(threads_max=4),config_base=false,statistics=(fast),log=(enabled=true,archive=true,path=journal,compressor=snappy),file_manager=(close_idle_time=100000),checkpoint=(wait=60,log_size=2GB),statistics_log=(wait=0),
2017-02-19T22:41:21.198-0700 W STORAGE  [initandlisten] Detected configuration for non-active storage engine mmapv1 when current storage engine is wiredTiger
2017-02-19T22:41:21.198-0700 I CONTROL  [initandlisten] 
2017-02-19T22:41:21.198-0700 I CONTROL  [initandlisten] ** WARNING: Access control is not enabled for the database.
2017-02-19T22:41:21.198-0700 I CONTROL  [initandlisten] **          Read and write access to data and configuration is unrestricted.
2017-02-19T22:41:21.198-0700 I CONTROL  [initandlisten] 
2017-02-19T22:41:21.198-0700 I CONTROL  [initandlisten] 
2017-02-19T22:41:21.198-0700 I CONTROL  [initandlisten] ** WARNING: soft rlimits too low. Number of files is 256, should be at least 1000
2017-02-19T22:41:21.204-0700 W SHARDING [initandlisten] Started with --shardsvr, but no shardIdentity document was found on disk in admin.system.version. This most likely means this server has not yet been added to a sharded cluster.
2017-02-19T22:41:21.282-0700 I FTDC     [initandlisten] Initializing full-time diagnostic data capture with directory '201/diagnostic.data'
2017-02-19T22:41:21.282-0700 I NETWORK  [thread1] waiting for connections on port 27201
2017-02-19T22:43:36.030-0700 I NETWORK  [thread1] connection accepted from 127.0.0.1:60619 #1 (1 connection now open)
2017-02-19T22:43:36.030-0700 I NETWORK  [conn1] received client metadata from 127.0.0.1:60619 conn1: { driver: { name: "AddShard-TaskExecutor", version: "3.4.1" }, os: { type: "Darwin", name: "Mac OS X", architecture: "x86_64", version: "16.4.0" } }
2017-02-19T22:43:36.106-0700 I INDEX    [conn1] build index on: admin.system.version properties: { v: 2, key: { version: 1 }, name: "incompatible_with_version_32", ns: "admin.system.version" }
2017-02-19T22:43:36.107-0700 I INDEX    [conn1] 	 building index using bulk method; build may temporarily use up to 500 megabytes of RAM
2017-02-19T22:43:36.122-0700 I INDEX    [conn1] build index done.  scanned 0 total records. 0 secs
2017-02-19T22:43:36.122-0700 I COMMAND  [conn1] setting featureCompatibilityVersion to 3.4
2017-02-19T22:43:36.123-0700 I SHARDING [conn1] initializing sharding state with: { _id: "shardIdentity", configsvrConnectionString: "configrs/localhost:27010,localhost:27020,localhost:27030", shardName: "shard0001", clusterId: ObjectId('58aa7c4854d286ba66bd8bce') }
2017-02-19T22:43:36.123-0700 I SHARDING [conn1] first cluster operation detected, adding sharding hook to enable versioning and authentication to remote servers
2017-02-19T22:43:36.134-0700 I NETWORK  [conn1] Starting new replica set monitor for configrs/localhost:27010,localhost:27020,localhost:27030
2017-02-19T22:43:36.134-0700 I SHARDING [thread2] creating distributed lock ping thread for process s:27201:1487569416:5945676033533733839 (sleeping for 30000ms)
2017-02-19T22:43:36.135-0700 I ASIO     [NetworkInterfaceASIO-ShardRegistry-0] Connecting to localhost:27010
2017-02-19T22:43:36.136-0700 I ASIO     [NetworkInterfaceASIO-ShardRegistry-0] Connecting to localhost:27030
2017-02-19T22:43:36.137-0700 I ASIO     [NetworkInterfaceASIO-ShardRegistry-0] Successfully connected to localhost:27010
2017-02-19T22:43:36.137-0700 I ASIO     [NetworkInterfaceASIO-ShardRegistry-0] Successfully connected to localhost:27030
2017-02-19T22:43:36.172-0700 W SHARDING [replSetDistLockPinger] pinging failed for distributed lock pinger :: caused by :: LockStateChangeFailed: findAndModify query predicate didn't match any lock document
2017-02-19T22:43:36.324-0700 I NETWORK  [thread1] connection accepted from 127.0.0.1:60628 #2 (2 connections now open)
2017-02-19T22:43:36.324-0700 I NETWORK  [conn2] received client metadata from 127.0.0.1:60628 conn2: { driver: { name: "NetworkInterfaceASIO-ShardRegistry", version: "3.4.1" }, os: { type: "Darwin", name: "Mac OS X", architecture: "x86_64", version: "16.4.0" } }
2017-02-19T22:43:36.528-0700 I NETWORK  [thread1] connection accepted from 127.0.0.1:60630 #3 (3 connections now open)
2017-02-19T22:43:36.528-0700 I NETWORK  [conn3] received client metadata from 127.0.0.1:60630 conn3: { driver: { name: "NetworkInterfaceASIO-ShardRegistry", version: "3.4.1" }, os: { type: "Darwin", name: "Mac OS X", architecture: "x86_64", version: "16.4.0" } }
2017-02-19T22:43:36.529-0700 I SHARDING [conn3] MetadataLoader loading chunks for week6.trades based on: (empty)
2017-02-19T22:43:36.529-0700 I ASIO     [NetworkInterfaceASIO-ShardRegistry-0] Connecting to localhost:27020
2017-02-19T22:43:36.530-0700 I ASIO     [NetworkInterfaceASIO-ShardRegistry-0] Successfully connected to localhost:27020
2017-02-19T22:43:36.530-0700 I SHARDING [conn3] Marking collection week6.trades as sharded with collection version: 1|7||58aa7ff348e20a4890c86568, shard version: 0|0||58aa7ff348e20a4890c86568
2017-02-19T22:43:36.530-0700 I SHARDING [conn3] MetadataLoader took 1 ms and found version 1|7||58aa7ff348e20a4890c86568
2017-02-19T22:43:36.531-0700 I SHARDING [migrateThread] Starting receiving end of migration of chunk { ticker: MinKey, time: MinKey } -> { ticker: "abcd", time: new Date(1330790899035) } for collection week6.trades from localhost:27101 at epoch 58aa7ff348e20a4890c86568 with session id shard0000_shard0001_58aa8208041b0d81b46b483a
2017-02-19T22:43:36.613-0700 I INDEX    [migrateThread] build index on: week6.trades properties: { v: 2, key: { ticker: 1.0, time: 1.0 }, name: "ticker_1_time_1", ns: "week6.trades" }
2017-02-19T22:43:36.613-0700 I INDEX    [migrateThread] 	 building index using bulk method; build may temporarily use up to 500 megabytes of RAM
2017-02-19T22:43:36.628-0700 I INDEX    [migrateThread] build index done.  scanned 0 total records. 0 secs
2017-02-19T22:43:36.629-0700 I SHARDING [migrateThread] Deleter starting delete for: week6.trades from { ticker: MinKey, time: MinKey } -> { ticker: "abcd", time: new Date(1330790899035) }, with opId: 191
2017-02-19T22:43:36.636-0700 I SHARDING [migrateThread] rangeDeleter deleted 0 documents for week6.trades from { ticker: MinKey, time: MinKey } -> { ticker: "abcd", time: new Date(1330790899035) }
2017-02-19T22:43:40.877-0700 I SHARDING [migrateThread] Waiting for replication to catch up before entering critical section
2017-02-19T22:43:40.877-0700 I SHARDING [migrateThread] migrate commit succeeded flushing to secondaries for 'week6.trades' { ticker: MinKey, time: MinKey } -> { ticker: "abcd", time: new Date(1330790899035) }
2017-02-19T22:43:41.702-0700 I SHARDING [migrateThread] migrate commit succeeded flushing to secondaries for 'week6.trades' { ticker: MinKey, time: MinKey } -> { ticker: "abcd", time: new Date(1330790899035) }
2017-02-19T22:43:41.703-0700 I SHARDING [migrateThread] about to log metadata event into changelog: { _id: "s-2017-02-19T22:43:41.703-0700-58aa820d0f64af3da751ffc5", server: "s", clientAddr: "", time: new Date(1487569421703), what: "moveChunk.to", ns: "week6.trades", details: { min: { ticker: MinKey, time: MinKey }, max: { ticker: "abcd", time: new Date(1330790899035) }, step 1 of 6: 97, step 2 of 6: 11, step 3 of 6: 4236, step 4 of 6: 0, step 5 of 6: 825, step 6 of 6: 0, note: "success" } }
2017-02-19T22:43:43.262-0700 I SHARDING [conn3] MetadataLoader loading chunks for week6.trades based on: (empty)
2017-02-19T22:43:43.263-0700 I SHARDING [conn3] Refreshing metadata for collection week6.trades from collection version: 1|7||58aa7ff348e20a4890c86568, shard version: 0|0||58aa7ff348e20a4890c86568 to collection version: 2|1||58aa7ff348e20a4890c86568, shard version: 2|0||58aa7ff348e20a4890c86568
2017-02-19T22:43:43.263-0700 I SHARDING [conn3] MetadataLoader took 0 ms and found version 2|1||58aa7ff348e20a4890c86568
2017-02-19T22:43:43.263-0700 I SHARDING [migrateThread] Starting receiving end of migration of chunk { ticker: "abcd", time: new Date(1330790899035) } -> { ticker: "abcd", time: new Date(1330791398072) } for collection week6.trades from localhost:27101 at epoch 58aa7ff348e20a4890c86568 with session id shard0000_shard0001_58aa820f041b0d81b46b4895
2017-02-19T22:43:43.264-0700 I SHARDING [migrateThread] Deleter starting delete for: week6.trades from { ticker: "abcd", time: new Date(1330790899035) } -> { ticker: "abcd", time: new Date(1330791398072) }, with opId: 222
2017-02-19T22:43:43.264-0700 I SHARDING [migrateThread] rangeDeleter deleted 0 documents for week6.trades from { ticker: "abcd", time: new Date(1330790899035) } -> { ticker: "abcd", time: new Date(1330791398072) }
2017-02-19T22:43:47.252-0700 I SHARDING [migrateThread] Waiting for replication to catch up before entering critical section
2017-02-19T22:43:47.252-0700 I SHARDING [migrateThread] migrate commit succeeded flushing to secondaries for 'week6.trades' { ticker: "abcd", time: new Date(1330790899035) } -> { ticker: "abcd", time: new Date(1330791398072) }
2017-02-19T22:43:47.393-0700 I SHARDING [migrateThread] migrate commit succeeded flushing to secondaries for 'week6.trades' { ticker: "abcd", time: new Date(1330790899035) } -> { ticker: "abcd", time: new Date(1330791398072) }
2017-02-19T22:43:47.393-0700 I SHARDING [migrateThread] about to log metadata event into changelog: { _id: "s-2017-02-19T22:43:47.393-0700-58aa82130f64af3da751ffda", server: "s", clientAddr: "", time: new Date(1487569427393), what: "moveChunk.to", ns: "week6.trades", details: { min: { ticker: "abcd", time: new Date(1330790899035) }, max: { ticker: "abcd", time: new Date(1330791398072) }, step 1 of 6: 0, step 2 of 6: 0, step 3 of 6: 3988, step 4 of 6: 0, step 5 of 6: 140, step 6 of 6: 0, note: "success" } }
2017-02-19T22:43:48.791-0700 I SHARDING [conn3] MetadataLoader loading chunks for week6.trades based on: (empty)
2017-02-19T22:43:48.792-0700 I SHARDING [conn3] Refreshing metadata for collection week6.trades from collection version: 2|1||58aa7ff348e20a4890c86568, shard version: 2|0||58aa7ff348e20a4890c86568 to collection version: 3|1||58aa7ff348e20a4890c86568, shard version: 3|0||58aa7ff348e20a4890c86568
2017-02-19T22:43:48.792-0700 I SHARDING [conn3] MetadataLoader took 0 ms and found version 3|1||58aa7ff348e20a4890c86568
2017-02-19T22:43:48.792-0700 I SHARDING [migrateThread] Starting receiving end of migration of chunk { ticker: "abcd", time: new Date(1330791398072) } -> { ticker: "abcd", time: new Date(1330791897119) } for collection week6.trades from localhost:27101 at epoch 58aa7ff348e20a4890c86568 with session id shard0000_shard0001_58aa8214041b0d81b46b48b5
2017-02-19T22:43:48.793-0700 I SHARDING [migrateThread] Deleter starting delete for: week6.trades from { ticker: "abcd", time: new Date(1330791398072) } -> { ticker: "abcd", time: new Date(1330791897119) }, with opId: 249
2017-02-19T22:43:48.793-0700 I SHARDING [migrateThread] rangeDeleter deleted 0 documents for week6.trades from { ticker: "abcd", time: new Date(1330791398072) } -> { ticker: "abcd", time: new Date(1330791897119) }
2017-02-19T22:43:52.703-0700 I SHARDING [migrateThread] Waiting for replication to catch up before entering critical section
2017-02-19T22:43:52.703-0700 I SHARDING [migrateThread] migrate commit succeeded flushing to secondaries for 'week6.trades' { ticker: "abcd", time: new Date(1330791398072) } -> { ticker: "abcd", time: new Date(1330791897119) }
2017-02-19T22:43:52.927-0700 I SHARDING [migrateThread] migrate commit succeeded flushing to secondaries for 'week6.trades' { ticker: "abcd", time: new Date(1330791398072) } -> { ticker: "abcd", time: new Date(1330791897119) }
2017-02-19T22:43:52.927-0700 I SHARDING [migrateThread] about to log metadata event into changelog: { _id: "s-2017-02-19T22:43:52.927-0700-58aa82180f64af3da751ffef", server: "s", clientAddr: "", time: new Date(1487569432927), what: "moveChunk.to", ns: "week6.trades", details: { min: { ticker: "abcd", time: new Date(1330791398072) }, max: { ticker: "abcd", time: new Date(1330791897119) }, step 1 of 6: 0, step 2 of 6: 0, step 3 of 6: 3909, step 4 of 6: 0, step 5 of 6: 223, step 6 of 6: 0, note: "success" } }
2017-02-19T22:43:54.278-0700 I SHARDING [conn3] MetadataLoader loading chunks for week6.trades based on: (empty)
2017-02-19T22:43:54.279-0700 I SHARDING [conn3] Refreshing metadata for collection week6.trades from collection version: 3|1||58aa7ff348e20a4890c86568, shard version: 3|0||58aa7ff348e20a4890c86568 to collection version: 4|1||58aa7ff348e20a4890c86568, shard version: 4|0||58aa7ff348e20a4890c86568
2017-02-19T22:43:54.279-0700 I SHARDING [conn3] MetadataLoader took 0 ms and found version 4|1||58aa7ff348e20a4890c86568
2017-02-19T22:43:54.279-0700 I SHARDING [migrateThread] Starting receiving end of migration of chunk { ticker: "abcd", time: new Date(1330791897119) } -> { ticker: "abcd", time: new Date(1330792396159) } for collection week6.trades from localhost:27101 at epoch 58aa7ff348e20a4890c86568 with session id shard0000_shard0001_58aa821a041b0d81b46b48de
2017-02-19T22:43:54.279-0700 I SHARDING [migrateThread] Deleter starting delete for: week6.trades from { ticker: "abcd", time: new Date(1330791897119) } -> { ticker: "abcd", time: new Date(1330792396159) }, with opId: 280
2017-02-19T22:43:54.279-0700 I SHARDING [migrateThread] rangeDeleter deleted 0 documents for week6.trades from { ticker: "abcd", time: new Date(1330791897119) } -> { ticker: "abcd", time: new Date(1330792396159) }
2017-02-19T22:43:58.347-0700 I SHARDING [migrateThread] Waiting for replication to catch up before entering critical section
2017-02-19T22:43:58.348-0700 I SHARDING [migrateThread] migrate commit succeeded flushing to secondaries for 'week6.trades' { ticker: "abcd", time: new Date(1330791897119) } -> { ticker: "abcd", time: new Date(1330792396159) }
2017-02-19T22:43:58.416-0700 I SHARDING [migrateThread] migrate commit succeeded flushing to secondaries for 'week6.trades' { ticker: "abcd", time: new Date(1330791897119) } -> { ticker: "abcd", time: new Date(1330792396159) }
2017-02-19T22:43:58.416-0700 I SHARDING [migrateThread] about to log metadata event into changelog: { _id: "s-2017-02-19T22:43:58.416-0700-58aa821e0f64af3da7520006", server: "s", clientAddr: "", time: new Date(1487569438416), what: "moveChunk.to", ns: "week6.trades", details: { min: { ticker: "abcd", time: new Date(1330791897119) }, max: { ticker: "abcd", time: new Date(1330792396159) }, step 1 of 6: 0, step 2 of 6: 0, step 3 of 6: 4067, step 4 of 6: 0, step 5 of 6: 68, step 6 of 6: 0, note: "success" } }
2017-02-19T22:44:19.315-0700 I NETWORK  [thread1] connection accepted from 127.0.0.1:60654 #4 (4 connections now open)
2017-02-19T22:44:19.315-0700 I NETWORK  [conn4] received client metadata from 127.0.0.1:60654 conn4: { driver: { name: "NetworkInterfaceASIO-ShardRegistry", version: "3.4.1" }, os: { type: "Darwin", name: "Mac OS X", architecture: "x86_64", version: "16.4.0" } }
2017-02-19T22:48:36.135-0700 I -        [conn1] end connection 127.0.0.1:60619 (4 connections now open)
2017-02-19T22:48:58.427-0700 I -        [conn3] end connection 127.0.0.1:60630 (3 connections now open)
2017-02-19T22:49:19.316-0700 I -        [conn4] end connection 127.0.0.1:60654 (2 connections now open)
2017-02-19T23:10:06.345-0700 I ASIO     [NetworkInterfaceASIO-ShardRegistry-0] Connecting to localhost:27020
2017-02-19T23:10:06.348-0700 I ASIO     [NetworkInterfaceASIO-ShardRegistry-0] Successfully connected to localhost:27020
2017-02-20T00:24:07.137-0700 I ASIO     [NetworkInterfaceASIO-ShardRegistry-0] Connecting to localhost:27020
2017-02-20T00:24:07.141-0700 I ASIO     [NetworkInterfaceASIO-ShardRegistry-0] Successfully connected to localhost:27020
2017-02-20T00:47:07.410-0700 I ASIO     [NetworkInterfaceASIO-ShardRegistry-0] Connecting to localhost:27020
2017-02-20T00:47:07.413-0700 I ASIO     [NetworkInterfaceASIO-ShardRegistry-0] Successfully connected to localhost:27020
2017-02-20T00:57:37.533-0700 I ASIO     [NetworkInterfaceASIO-ShardRegistry-0] Connecting to localhost:27030
2017-02-20T00:57:37.537-0700 I ASIO     [NetworkInterfaceASIO-ShardRegistry-0] Successfully connected to localhost:27030
2017-02-20T01:09:07.673-0700 I ASIO     [NetworkInterfaceASIO-ShardRegistry-0] Connecting to localhost:27020
2017-02-20T01:09:07.675-0700 I ASIO     [NetworkInterfaceASIO-ShardRegistry-0] Successfully connected to localhost:27020
2017-02-20T01:29:37.907-0700 I ASIO     [NetworkInterfaceASIO-ShardRegistry-0] Connecting to localhost:27020
2017-02-20T01:29:37.913-0700 I ASIO     [NetworkInterfaceASIO-ShardRegistry-0] Successfully connected to localhost:27020
2017-02-20T01:36:37.991-0700 I ASIO     [NetworkInterfaceASIO-ShardRegistry-0] Connecting to localhost:27020
2017-02-20T01:36:37.997-0700 I ASIO     [NetworkInterfaceASIO-ShardRegistry-0] Successfully connected to localhost:27020
2017-02-20T02:00:38.279-0700 I ASIO     [NetworkInterfaceASIO-ShardRegistry-0] Connecting to localhost:27020
2017-02-20T02:00:38.282-0700 I ASIO     [NetworkInterfaceASIO-ShardRegistry-0] Successfully connected to localhost:27020
2017-02-20T02:22:26.026-0700 I NETWORK  [thread1] connection accepted from 127.0.0.1:64675 #5 (2 connections now open)
2017-02-20T02:22:26.026-0700 I NETWORK  [conn5] received client metadata from 127.0.0.1:64675 conn5: { driver: { name: "NetworkInterfaceASIO-ShardRegistry", version: "3.4.1" }, os: { type: "Darwin", name: "Mac OS X", architecture: "x86_64", version: "16.4.0" } }
2017-02-20T02:23:26.034-0700 I -        [conn2] end connection 127.0.0.1:60628 (2 connections now open)
2017-02-20T02:24:08.555-0700 I ASIO     [NetworkInterfaceASIO-ShardRegistry-0] Connecting to localhost:27030
2017-02-20T02:24:08.557-0700 I ASIO     [NetworkInterfaceASIO-ShardRegistry-0] Successfully connected to localhost:27030
2017-02-20T02:34:08.662-0700 I ASIO     [NetworkInterfaceASIO-ShardRegistry-0] Connecting to localhost:27020
2017-02-20T02:34:08.665-0700 I ASIO     [NetworkInterfaceASIO-ShardRegistry-0] Successfully connected to localhost:27020
2017-02-20T03:17:09.137-0700 I ASIO     [NetworkInterfaceASIO-ShardRegistry-0] Connecting to localhost:27020
2017-02-20T03:17:09.139-0700 I ASIO     [NetworkInterfaceASIO-ShardRegistry-0] Successfully connected to localhost:27020
2017-02-20T03:37:39.359-0700 I ASIO     [NetworkInterfaceASIO-ShardRegistry-0] Connecting to localhost:27030
2017-02-20T03:37:39.362-0700 I ASIO     [NetworkInterfaceASIO-ShardRegistry-0] Successfully connected to localhost:27030
2017-02-20T04:00:09.627-0700 I ASIO     [NetworkInterfaceASIO-ShardRegistry-0] Connecting to localhost:27030
2017-02-20T04:00:09.629-0700 I ASIO     [NetworkInterfaceASIO-ShardRegistry-0] Successfully connected to localhost:27030
2017-02-20T04:35:10.016-0700 I ASIO     [NetworkInterfaceASIO-ShardRegistry-0] Connecting to localhost:27030
2017-02-20T04:35:10.019-0700 I ASIO     [NetworkInterfaceASIO-ShardRegistry-0] Successfully connected to localhost:27030
2017-02-20T04:43:40.115-0700 I ASIO     [NetworkInterfaceASIO-ShardRegistry-0] Connecting to localhost:27030
2017-02-20T04:43:40.118-0700 I ASIO     [NetworkInterfaceASIO-ShardRegistry-0] Successfully connected to localhost:27030
2017-02-20T06:14:41.145-0700 I ASIO     [NetworkInterfaceASIO-ShardRegistry-0] Connecting to localhost:27020
2017-02-20T06:14:41.148-0700 I ASIO     [NetworkInterfaceASIO-ShardRegistry-0] Successfully connected to localhost:27020
2017-02-20T06:44:41.459-0700 I ASIO     [NetworkInterfaceASIO-ShardRegistry-0] Connecting to localhost:27020
2017-02-20T06:44:41.461-0700 I ASIO     [NetworkInterfaceASIO-ShardRegistry-0] Successfully connected to localhost:27020
2017-02-20T06:56:41.580-0700 I ASIO     [NetworkInterfaceASIO-ShardRegistry-0] Connecting to localhost:27020
2017-02-20T06:56:41.583-0700 I ASIO     [NetworkInterfaceASIO-ShardRegistry-0] Successfully connected to localhost:27020
2017-02-20T07:11:41.746-0700 I ASIO     [NetworkInterfaceASIO-ShardRegistry-0] Connecting to localhost:27020
2017-02-20T07:11:41.748-0700 I ASIO     [NetworkInterfaceASIO-ShardRegistry-0] Successfully connected to localhost:27020
2017-02-20T07:31:41.990-0700 I ASIO     [NetworkInterfaceASIO-ShardRegistry-0] Connecting to localhost:27020
2017-02-20T07:31:41.991-0700 I ASIO     [NetworkInterfaceASIO-ShardRegistry-0] Successfully connected to localhost:27020
2017-02-20T07:52:12.234-0700 I ASIO     [NetworkInterfaceASIO-ShardRegistry-0] Connecting to localhost:27030
2017-02-20T07:52:12.237-0700 I ASIO     [NetworkInterfaceASIO-ShardRegistry-0] Successfully connected to localhost:27030
2017-02-20T07:59:12.312-0700 I ASIO     [NetworkInterfaceASIO-ShardRegistry-0] Connecting to localhost:27030
2017-02-20T07:59:12.314-0700 I ASIO     [NetworkInterfaceASIO-ShardRegistry-0] Successfully connected to localhost:27030
2017-02-20T08:29:42.563-0700 I ASIO     [NetworkInterfaceASIO-ShardRegistry-0] Connecting to localhost:27020
2017-02-20T08:29:42.565-0700 I ASIO     [NetworkInterfaceASIO-ShardRegistry-0] Successfully connected to localhost:27020
2017-02-20T08:53:02.008-0700 I -        [conn5] end connection 127.0.0.1:64675 (1 connection now open)
2017-02-20T08:53:02.018-0700 I NETWORK  [thread1] connection accepted from 127.0.0.1:55507 #6 (1 connection now open)
2017-02-20T08:53:02.018-0700 I NETWORK  [conn6] received client metadata from 127.0.0.1:55507 conn6: { driver: { name: "NetworkInterfaceASIO-ShardRegistry", version: "3.4.1" }, os: { type: "Darwin", name: "Mac OS X", architecture: "x86_64", version: "16.4.0" } }
2017-02-20T08:53:05.404-0700 I NETWORK  [thread1] connection accepted from 127.0.0.1:55537 #7 (2 connections now open)
2017-02-20T08:53:05.405-0700 I NETWORK  [conn7] received client metadata from 127.0.0.1:55537 conn7: { driver: { name: "NetworkInterfaceASIO-ShardRegistry", version: "3.4.1" }, os: { type: "Darwin", name: "Mac OS X", architecture: "x86_64", version: "16.4.0" } }
2017-02-20T08:53:07.555-0700 I NETWORK  [replSetDistLockPinger] Marking host localhost:27010 as failed :: caused by :: NotMaster: not master
2017-02-20T08:53:07.555-0700 I NETWORK  [replSetDistLockPinger] Socket closed remotely, no longer connected (idle 1124 secs, remote host 127.0.0.1:27010)
2017-02-20T08:53:07.556-0700 I ASIO     [NetworkInterfaceASIO-ShardRegistry-0] Connecting to localhost:27020
2017-02-20T08:53:07.557-0700 I ASIO     [NetworkInterfaceASIO-ShardRegistry-0] Successfully connected to localhost:27020
2017-02-20T08:53:07.579-0700 W SHARDING [replSetDistLockPinger] Lock pinger for proc: s:27201:1487569416:5945676033533733839 was inactive for 1137886ms ms
2017-02-20T08:53:40.455-0700 I ASIO     [NetworkInterfaceASIO-ShardRegistry-0] Connecting to localhost:27030
2017-02-20T08:53:40.457-0700 I ASIO     [NetworkInterfaceASIO-ShardRegistry-0] Successfully connected to localhost:27030
2017-02-20T08:58:02.026-0700 I -        [conn6] end connection 127.0.0.1:55507 (2 connections now open)
2017-02-20T09:54:40.715-0700 I ASIO     [NetworkInterfaceASIO-ShardRegistry-0] Connecting to localhost:27030
2017-02-20T09:54:40.718-0700 I ASIO     [NetworkInterfaceASIO-ShardRegistry-0] Successfully connected to localhost:27030
2017-02-20T10:37:43.157-0700 I NETWORK  [thread1] connection accepted from 127.0.0.1:58270 #8 (2 connections now open)
2017-02-20T10:37:43.157-0700 I NETWORK  [conn8] received client metadata from 127.0.0.1:58270 conn8: { driver: { name: "NetworkInterfaceASIO-ShardRegistry", version: "3.4.1" }, os: { type: "Darwin", name: "Mac OS X", architecture: "x86_64", version: "16.4.0" } }
2017-02-20T10:37:50.952-0700 I NETWORK  [replSetDistLockPinger] Marking host localhost:27020 as failed :: caused by :: NotMaster: not master
2017-02-20T10:37:50.952-0700 I NETWORK  [replSetDistLockPinger] Socket closed remotely, no longer connected (idle 483 secs, remote host 127.0.0.1:27020)
2017-02-20T10:37:50.953-0700 I ASIO     [NetworkInterfaceASIO-ShardRegistry-0] Connecting to localhost:27010
2017-02-20T10:37:50.954-0700 I ASIO     [NetworkInterfaceASIO-ShardRegistry-0] Successfully connected to localhost:27010
2017-02-20T10:37:50.985-0700 W SHARDING [replSetDistLockPinger] Lock pinger for proc: s:27201:1487569416:5945676033533733839 was inactive for 492542ms ms
2017-02-20T10:38:39.347-0700 I -        [conn7] end connection 127.0.0.1:55537 (2 connections now open)
2017-02-20T10:40:23.386-0700 I ASIO     [NetworkInterfaceASIO-ShardRegistry-0] Connecting to localhost:27030
2017-02-20T10:40:23.388-0700 I ASIO     [NetworkInterfaceASIO-ShardRegistry-0] Successfully connected to localhost:27030
2017-02-20T11:03:23.509-0700 I ASIO     [NetworkInterfaceASIO-ShardRegistry-0] Connecting to localhost:27030
2017-02-20T11:03:23.511-0700 I ASIO     [NetworkInterfaceASIO-ShardRegistry-0] Successfully connected to localhost:27030
2017-02-20T11:15:45.806-0700 I NETWORK  [thread1] connection accepted from 127.0.0.1:59391 #9 (2 connections now open)
2017-02-20T11:15:45.806-0700 I NETWORK  [conn9] received client metadata from 127.0.0.1:59391 conn9: { driver: { name: "NetworkInterfaceASIO-ShardRegistry", version: "3.4.1" }, os: { type: "Darwin", name: "Mac OS X", architecture: "x86_64", version: "16.4.0" } }
2017-02-20T11:16:45.806-0700 I -        [conn8] end connection 127.0.0.1:58270 (2 connections now open)
2017-02-20T11:17:24.743-0700 I ASIO     [NetworkInterfaceASIO-ShardRegistry-0] Connecting to localhost:27030
2017-02-20T11:17:24.747-0700 I ASIO     [NetworkInterfaceASIO-ShardRegistry-0] Successfully connected to localhost:27030
2017-02-20T11:41:56.294-0700 I ASIO     [NetworkInterfaceASIO-ShardRegistry-0] Connecting to localhost:27030
2017-02-20T11:41:56.296-0700 I ASIO     [NetworkInterfaceASIO-ShardRegistry-0] Successfully connected to localhost:27030
2017-02-20T12:00:56.401-0700 I ASIO     [NetworkInterfaceASIO-ShardRegistry-0] Connecting to localhost:27020
2017-02-20T12:00:56.404-0700 I ASIO     [NetworkInterfaceASIO-ShardRegistry-0] Successfully connected to localhost:27020
2017-02-20T12:49:59.778-0700 I ASIO     [NetworkInterfaceASIO-ShardRegistry-0] Connecting to localhost:27020
2017-02-20T12:49:59.781-0700 I ASIO     [NetworkInterfaceASIO-ShardRegistry-0] Successfully connected to localhost:27020
2017-02-20T12:54:29.813-0700 I ASIO     [NetworkInterfaceASIO-ShardRegistry-0] Connecting to localhost:27030
2017-02-20T12:54:29.815-0700 I ASIO     [NetworkInterfaceASIO-ShardRegistry-0] Successfully connected to localhost:27030
2017-02-20T13:06:59.872-0700 I ASIO     [NetworkInterfaceASIO-ShardRegistry-0] Connecting to localhost:27020
2017-02-20T13:06:59.874-0700 I ASIO     [NetworkInterfaceASIO-ShardRegistry-0] Successfully connected to localhost:27020
2017-02-20T13:20:30.959-0700 I ASIO     [NetworkInterfaceASIO-ShardRegistry-0] Connecting to localhost:27030
2017-02-20T13:20:30.961-0700 I ASIO     [NetworkInterfaceASIO-ShardRegistry-0] Successfully connected to localhost:27030
2017-02-20T13:58:03.132-0700 I ASIO     [NetworkInterfaceASIO-ShardRegistry-0] Connecting to localhost:27020
2017-02-20T13:58:03.135-0700 I ASIO     [NetworkInterfaceASIO-ShardRegistry-0] Successfully connected to localhost:27020
2017-02-20T14:28:34.941-0700 I ASIO     [NetworkInterfaceASIO-ShardRegistry-0] Connecting to localhost:27030
2017-02-20T14:28:34.943-0700 I ASIO     [NetworkInterfaceASIO-ShardRegistry-0] Successfully connected to localhost:27030
2017-02-20T14:38:05.662-0700 I ASIO     [NetworkInterfaceASIO-ShardRegistry-0] Connecting to localhost:27030
2017-02-20T14:38:05.664-0700 I ASIO     [NetworkInterfaceASIO-ShardRegistry-0] Successfully connected to localhost:27030
2017-02-20T14:51:36.292-0700 I ASIO     [NetworkInterfaceASIO-ShardRegistry-0] Connecting to localhost:27030
2017-02-20T14:51:36.294-0700 I ASIO     [NetworkInterfaceASIO-ShardRegistry-0] Successfully connected to localhost:27030
